<?xml version="1.0" encoding="UTF-8"?>
<!-- Generated by org.testng.reporters.JUnitReportReporter -->
<testsuite hostname="Hardiks-MacBook-Air.local" failures="0" tests="1" name="runners.shopNavigationRunner" time="151.403" errors="0" timestamp="2025-03-02T14:47:16 IST" skipped="0">
  <testcase classname="runners.shopNavigationRunner" name="runScenario" time="151.403"/>
  <system-out/>
</testsuite> <!-- runners.shopNavigationRunner -->
