<?xml version="1.0" encoding="UTF-8"?>
<!-- Generated by org.testng.reporters.JUnitReportReporter -->
<testsuite hostname="Hardiks-MacBook-Air.local" failures="0" tests="1" name="runners.countSildesRunner" time="126.001" errors="0" timestamp="2025-03-02T14:47:16 IST" skipped="0">
  <testcase classname="runners.countSildesRunner" name="runScenario" time="126.001"/>
  <system-out/>
</testsuite> <!-- runners.countSildesRunner -->
